{
  "numTotalTestSuites": 2,
  "numPassedTestSuites": 2,
  "numFailedTestSuites": 0,
  "numPendingTestSuites": 0,
  "numTotalTests": 1,
  "numPassedTests": 1,
  "numFailedTests": 0,
  "numPendingTests": 0,
  "numTodoTests": 0,
  "startTime": 1667145373577,
  "success": true,
  "testResults": [
    {
      "assertionResults": [
        {
          "ancestorTitles": [
            "",
            "createErrorClass"
          ],
          "fullName": " createErrorClass should create class factory",
          "status": "passed",
          "title": "should create class factory",
          "duration": 2,
          "failureMessages": []
        }
      ],
      "startTime": 1667145374618,
      "endTime": 1667145374620,
      "status": "passed",
      "message": "",
      "name": "/home/pdimp/hdd/Users/pdimp/Projects/board-game-board/app/utils/createErrorClass/index.spec.ts"
    }
  ]
}